2026-04-23T05:09:29.370528869Z [inf]  
2026-04-23T05:09:29.924506798Z [inf]  [35m[Region: us-west1][0m
2026-04-23T05:09:29.935346927Z [inf]  
2026-04-23T05:09:29.935393283Z [inf]  [38;2;125;86;243m╭─────────────────╮[0m
2026-04-23T05:09:29.935399347Z [inf]  [38;2;125;86;243m│[0m Railpack 0.23.0 [38;2;125;86;243m│[0m
2026-04-23T05:09:29.935402894Z [inf]  [38;2;125;86;243m╰─────────────────╯[0m
2026-04-23T05:09:29.935409664Z [inf]  
2026-04-23T05:09:29.935413734Z [inf]  [33m⚠ Script start.sh not found[0m
2026-04-23T05:09:29.935417167Z [inf]  [1;31m✖ Railpack could not determine how to build the app.[0m
2026-04-23T05:09:29.935420344Z [inf]  
2026-04-23T05:09:29.935423400Z [inf]  The following languages are supported:
2026-04-23T05:09:29.935426383Z [inf]  Php
2026-04-23T05:09:29.935430229Z [inf]  Golang
2026-04-23T05:09:29.935433459Z [inf]  Java
2026-04-23T05:09:29.935436675Z [inf]  Rust
2026-04-23T05:09:29.935439705Z [inf]  Ruby
2026-04-23T05:09:29.935442651Z [inf]  Elixir
2026-04-23T05:09:29.935446522Z [inf]  Python
2026-04-23T05:09:29.935450414Z [inf]  Deno
2026-04-23T05:09:29.935453454Z [inf]  Dotnet
2026-04-23T05:09:29.935457307Z [inf]  Node
2026-04-23T05:09:29.935460770Z [inf]  Gleam
2026-04-23T05:09:29.935463604Z [inf]  Cpp
2026-04-23T05:09:29.935466280Z [inf]  Staticfile
2026-04-23T05:09:29.935469499Z [inf]  Shell
2026-04-23T05:09:29.935472297Z [inf]  
2026-04-23T05:09:29.935475491Z [inf]  The app contents that Railpack analyzed contains:
2026-04-23T05:09:29.935478546Z [inf]  
2026-04-23T05:09:29.935485306Z [inf]  ./
2026-04-23T05:09:29.935488055Z [inf]  ├── docker-entrypoint-initdb.d/
2026-04-23T05:09:29.935491170Z [inf]  ├── README.md
2026-04-23T05:09:29.935494275Z [inf]  ├── config.yaml
2026-04-23T05:09:29.935497431Z [inf]  ├── deploy.sh
2026-04-23T05:09:29.935500311Z [inf]  ├── docker-compose-warp.yml
2026-04-23T05:09:29.935503424Z [inf]  ├── docker-compose.yml
2026-04-23T05:09:29.935507283Z [inf]  ├── quick-install.sh
2026-04-23T05:09:29.935510201Z [inf]  └── update-jwt-secret.sh
2026-04-23T05:09:29.935513220Z [inf]  
2026-04-23T05:09:29.935516074Z [inf]  Check out the docs for more information: https://railpack.com
2026-04-23T05:09:29.935518969Z [inf]  
2026-04-23T05:09:29.935522052Z [inf]  
2026-04-23T05:09:29.935525091Z [inf]  